<?xml version="1.0" encoding="UTF-8"?>
<!-- Generated by org.testng.reporters.JUnitReportReporter -->
<testsuite hostname="TYSS-Shobha" failures="0" tests="1" name="Product.CreateProductTest" time="22.425" errors="0" timestamp="2024-12-13T10:53:36 IST" skipped="0">
  <testcase classname="Product.CreateProductTest" name="createProductTest" time="22.425"/>
</testsuite> <!-- Product.CreateProductTest -->
