<?xml version="1.0" encoding="UTF-8"?>
<!-- Generated by org.testng.reporters.JUnitReportReporter -->
<testsuite hostname="TYSS-Shobha" failures="0" tests="1" name="Organization.CreateOrganizationTest" time="16.624" errors="0" timestamp="2024-12-13T10:25:53 IST" skipped="0">
  <testcase classname="Organization.CreateOrganizationTest" name="createOrganizationTest" time="16.624"/>
</testsuite> <!-- Organization.CreateOrganizationTest -->
