<?xml version="1.0" encoding="UTF-8"?>
<!-- Generated by org.testng.reporters.JUnitReportReporter -->
<testsuite hostname="TYSS-Shobha" failures="0" tests="1" name="Campaign.CreateCampaignTest" time="19.791" errors="0" timestamp="2024-12-13T10:53:36 IST" skipped="0">
  <testcase classname="Campaign.CreateCampaignTest" name="createCampaignTest" time="19.791"/>
</testsuite> <!-- Campaign.CreateCampaignTest -->
